# JRE version: Java(TM) SE Runtime Environment (8.0_201-b09) (build 1.8.0_201-b09)
# Java VM: Java HotSpot(TM) 64-Bit Server VM (25.201-b09 mixed mode linux-amd64 compressed oops)
Heap:
 PSYoungGen      total 83456K, used 59173K [0x00000000eab00000, 0x00000000f1c80000, 0x0000000100000000)
  eden space 73728K, 67% used [0x00000000eab00000,0x00000000edb4d748,0x00000000ef300000)
  from space 9728K, 99% used [0x00000000ef300000,0x00000000efc7c0a0,0x00000000efc80000)
  to   space 11776K, 0% used [0x00000000f1100000,0x00000000f1100000,0x00000000f1c80000)
 ParOldGen       total 92672K, used 18142K [0x00000000c0000000, 0x00000000c5a80000, 0x00000000eab00000)
  object space 92672K, 19% used [0x00000000c0000000,0x00000000c11b7b50,0x00000000c5a80000)
 Metaspace       used 43764K, capacity 44496K, committed 44928K, reserved 1087488K
  class space    used 6151K, capacity 6462K, committed 6528K, reserved 1048576K
GC Heap History (10 events):
Event: 4.626 GC heap before
{Heap before GC invocations=9 (full 1):
 PSYoungGen      total 41984K, used 36237K [0x00000000eab00000, 0x00000000ef200000, 0x0000000100000000)
  eden space 31232K, 100% used [0x00000000eab00000,0x00000000ec980000,0x00000000ec980000)
  from space 10752K, 46% used [0x00000000ec980000,0x00000000ece634e8,0x00000000ed400000)
  to   space 10752K, 0% used [0x00000000ee780000,0x00000000ee780000,0x00000000ef200000)
 ParOldGen       total 59904K, used 9210K [0x00000000c0000000, 0x00000000c3a80000, 0x00000000eab00000)
  object space 59904K, 15% used [0x00000000c0000000,0x00000000c08feb38,0x00000000c3a80000)
 Metaspace       used 27841K, capacity 28316K, committed 28544K, reserved 1073152K
  class space    used 3952K, capacity 4131K, committed 4224K, reserved 1048576K
Event: 4.631 GC heap after
Heap after GC invocations=9 (full 1):
 PSYoungGen      total 62464K, used 5699K [0x00000000eab00000, 0x00000000ef380000, 0x0000000100000000)
  eden space 51712K, 0% used [0x00000000eab00000,0x00000000eab00000,0x00000000edd80000)
  from space 10752K, 53% used [0x00000000ee780000,0x00000000eed10c90,0x00000000ef200000)
  to   space 10240K, 0% used [0x00000000edd80000,0x00000000edd80000,0x00000000ee780000)
 ParOldGen       total 59904K, used 9218K [0x00000000c0000000, 0x00000000c3a80000, 0x00000000eab00000)
  object space 59904K, 15% used [0x00000000c0000000,0x00000000c0900b38,0x00000000c3a80000)
 Metaspace       used 27841K, capacity 28316K, committed 28544K, reserved 1073152K
  class space    used 3952K, capacity 4131K, committed 4224K, reserved 1048576K
}
Event: 5.161 GC heap before
{Heap before GC invocations=10 (full 1):
 PSYoungGen      total 62464K, used 57411K [0x00000000eab00000, 0x00000000ef380000, 0x0000000100000000)
  eden space 51712K, 100% used [0x00000000eab00000,0x00000000edd80000,0x00000000edd80000)
  from space 10752K, 53% used [0x00000000ee780000,0x00000000eed10c90,0x00000000ef200000)
  to   space 10240K, 0% used [0x00000000edd80000,0x00000000edd80000,0x00000000ee780000)
 ParOldGen       total 59904K, used 9218K [0x00000000c0000000, 0x00000000c3a80000, 0x00000000eab00000)
  object space 59904K, 15% used [0x00000000c0000000,0x00000000c0900b38,0x00000000c3a80000)
 Metaspace       used 30210K, capacity 30636K, committed 30976K, reserved 1075200K
  class space    used 4308K, capacity 4503K, committed 4608K, reserved 1048576K
Event: 5.168 GC heap after
Heap after GC invocations=10 (full 1):
 PSYoungGen      total 61952K, used 6889K [0x00000000eab00000, 0x00000000f0700000, 0x0000000100000000)
  eden space 51712K, 0% used [0x00000000eab00000,0x00000000eab00000,0x00000000edd80000)
  from space 10240K, 67% used [0x00000000edd80000,0x00000000ee43a7e0,0x00000000ee780000)
  to   space 10240K, 0% used [0x00000000efd00000,0x00000000efd00000,0x00000000f0700000)
 ParOldGen       total 59904K, used 10610K [0x00000000c0000000, 0x00000000c3a80000, 0x00000000eab00000)
  object space 59904K, 17% used [0x00000000c0000000,0x00000000c0a5cba8,0x00000000c3a80000)
 Metaspace       used 30210K, capacity 30636K, committed 30976K, reserved 1075200K
  class space    used 4308K, capacity 4503K, committed 4608K, reserved 1048576K
}
Event: 5.520 GC heap before
{Heap before GC invocations=11 (full 1):
 PSYoungGen      total 61952K, used 31788K [0x00000000eab00000, 0x00000000f0700000, 0x0000000100000000)
  eden space 51712K, 48% used [0x00000000eab00000,0x00000000ec350b80,0x00000000edd80000)
  from space 10240K, 67% used [0x00000000edd80000,0x00000000ee43a7e0,0x00000000ee780000)
  to   space 10240K, 0% used [0x00000000efd00000,0x00000000efd00000,0x00000000f0700000)
 ParOldGen       total 59904K, used 10610K [0x00000000c0000000, 0x00000000c3a80000, 0x00000000eab00000)
  object space 59904K, 17% used [0x00000000c0000000,0x00000000c0a5cba8,0x00000000c3a80000)
 Metaspace       used 34829K, capacity 35340K, committed 35496K, reserved 1079296K
  class space    used 4895K, capacity 5114K, committed 5120K, reserved 1048576K
Event: 5.525 GC heap after
Heap after GC invocations=11 (full 1):
 PSYoungGen      total 82944K, used 5358K [0x00000000eab00000, 0x00000000f0600000, 0x0000000100000000)
  eden space 73728K, 0% used [0x00000000eab00000,0x00000000eab00000,0x00000000ef300000)
  from space 9216K, 58% used [0x00000000efd00000,0x00000000f023bb68,0x00000000f0600000)
  to   space 9728K, 0% used [0x00000000ef300000,0x00000000ef300000,0x00000000efc80000)
 ParOldGen       total 59904K, used 13240K [0x00000000c0000000, 0x00000000c3a80000, 0x00000000eab00000)
  object space 59904K, 22% used [0x00000000c0000000,0x00000000c0cee080,0x00000000c3a80000)
 Metaspace       used 34829K, capacity 35340K, committed 35496K, reserved 1079296K
  class space    used 4895K, capacity 5114K, committed 5120K, reserved 1048576K
}
Event: 5.525 GC heap before
{Heap before GC invocations=12 (full 2):
 PSYoungGen      total 82944K, used 5358K [0x00000000eab00000, 0x00000000f0600000, 0x0000000100000000)
  eden space 73728K, 0% used [0x00000000eab00000,0x00000000eab00000,0x00000000ef300000)
  from space 9216K, 58% used [0x00000000efd00000,0x00000000f023bb68,0x00000000f0600000)
  to   space 9728K, 0% used [0x00000000ef300000,0x00000000ef300000,0x00000000efc80000)
 ParOldGen       total 59904K, used 13240K [0x00000000c0000000, 0x00000000c3a80000, 0x00000000eab00000)
  object space 59904K, 22% used [0x00000000c0000000,0x00000000c0cee080,0x00000000c3a80000)
 Metaspace       used 34829K, capacity 35340K, committed 35496K, reserved 1079296K
  class space    used 4895K, capacity 5114K, committed 5120K, reserved 1048576K
Event: 5.574 GC heap after
Heap after GC invocations=12 (full 2):
 PSYoungGen      total 82944K, used 0K [0x00000000eab00000, 0x00000000f0600000, 0x0000000100000000)
  eden space 73728K, 0% used [0x00000000eab00000,0x00000000eab00000,0x00000000ef300000)
  from space 9216K, 0% used [0x00000000efd00000,0x00000000efd00000,0x00000000f0600000)
  to   space 9728K, 0% used [0x00000000ef300000,0x00000000ef300000,0x00000000efc80000)
 ParOldGen       total 92672K, used 16084K [0x00000000c0000000, 0x00000000c5a80000, 0x00000000eab00000)
  object space 92672K, 17% used [0x00000000c0000000,0x00000000c0fb52b0,0x00000000c5a80000)
 Metaspace       used 34829K, capacity 35340K, committed 35496K, reserved 1079296K
  class space    used 4895K, capacity 5114K, committed 5120K, reserved 1048576K
}
Event: 6.183 GC heap before
{Heap before GC invocations=13 (full 2):
 PSYoungGen      total 82944K, used 73728K [0x00000000eab00000, 0x00000000f0600000, 0x0000000100000000)
  eden space 73728K, 100% used [0x00000000eab00000,0x00000000ef300000,0x00000000ef300000)
  from space 9216K, 0% used [0x00000000efd00000,0x00000000efd00000,0x00000000f0600000)
  to   space 9728K, 0% used [0x00000000ef300000,0x00000000ef300000,0x00000000efc80000)
 ParOldGen       total 92672K, used 16084K [0x00000000c0000000, 0x00000000c5a80000, 0x00000000eab00000)
  object space 92672K, 17% used [0x00000000c0000000,0x00000000c0fb52b0,0x00000000c5a80000)
 Metaspace       used 41149K, capacity 41758K, committed 42112K, reserved 1085440K
  class space    used 5701K, capacity 5936K, committed 6016K, reserved 1048576K
Event: 6.189 GC heap after
Heap after GC invocations=13 (full 2):
 PSYoungGen      total 83456K, used 9712K [0x00000000eab00000, 0x00000000f1c80000, 0x0000000100000000)
  eden space 73728K, 0% used [0x00000000eab00000,0x00000000eab00000,0x00000000ef300000)
  from space 9728K, 99% used [0x00000000ef300000,0x00000000efc7c0a0,0x00000000efc80000)
  to   space 11776K, 0% used [0x00000000f1100000,0x00000000f1100000,0x00000000f1c80000)
 ParOldGen       total 92672K, used 18142K [0x00000000c0000000, 0x00000000c5a80000, 0x00000000eab00000)
  object space 92672K, 19% used [0x00000000c0000000,0x00000000c11b7b50,0x00000000c5a80000)
 Metaspace       used 41149K, capacity 41758K, committed 42112K, reserved 1085440K
  class space    used 5701K, capacity 5936K, committed 6016K, reserved 1048576K
}

